TN:
SF:src\utils\utils.js
FN:3,billPerSim
FN:19,(anonymous_1)
FN:21,(anonymous_2)
FN:25,(anonymous_3)
FN:29,(anonymous_4)
FNF:5
FNH:5
FNDA:1,billPerSim
FNDA:1,(anonymous_1)
FNDA:2,(anonymous_2)
FNDA:1,(anonymous_3)
FNDA:2,(anonymous_4)
DA:1,1
DA:4,1
DA:5,1
DA:6,0
DA:8,1
DA:9,1
DA:11,1
DA:12,0
DA:14,1
DA:15,1
DA:17,1
DA:19,1
DA:20,1
DA:21,1
DA:22,2
DA:25,1
DA:26,1
DA:27,1
DA:29,1
DA:30,2
DA:31,2
DA:32,2
DA:35,1
DA:36,1
DA:37,1
DA:38,0
DA:39,0
DA:42,1
DA:45,1
LF:29
LH:25
BRDA:5,0,0,0
BRDA:5,0,1,1
BRDA:11,1,0,0
BRDA:11,1,1,1
BRDA:30,2,0,2
BRDA:30,2,1,0
BRDA:36,3,0,1
BRDA:36,3,1,0
BRDA:38,4,0,0
BRDA:38,4,1,0
BRF:10
BRH:4
end_of_record
