TN:
SF:src\utils\utils.js
FN:3,billPerSim
FN:19,(anonymous_1)
FN:21,(anonymous_2)
FN:25,(anonymous_3)
FN:29,(anonymous_4)
FNF:5
FNH:5
FNDA:3,billPerSim
FNDA:2,(anonymous_1)
FNDA:5,(anonymous_2)
FNDA:3,(anonymous_3)
FNDA:8,(anonymous_4)
DA:1,1
DA:4,3
DA:5,3
DA:6,0
DA:8,3
DA:9,3
DA:11,3
DA:12,0
DA:14,3
DA:15,3
DA:17,3
DA:19,1
DA:20,2
DA:21,2
DA:22,5
DA:25,2
DA:26,3
DA:27,3
DA:29,3
DA:30,8
DA:31,5
DA:32,5
DA:35,3
DA:36,3
DA:37,2
DA:38,1
DA:39,1
DA:42,2
DA:45,1
LF:29
LH:27
BRDA:5,0,0,0
BRDA:5,0,1,3
BRDA:11,1,0,0
BRDA:11,1,1,3
BRDA:30,2,0,5
BRDA:30,2,1,3
BRDA:36,3,0,2
BRDA:36,3,1,1
BRDA:38,4,0,1
BRDA:38,4,1,0
BRF:10
BRH:7
end_of_record
